<?xml version='1.0'?>
<ns2:test-suite xmlns:ns2='urn:model.allure.qatools.yandex.ru' start='1633959015674' stop='1633959035742'>
    <name>Validation of Product details on Payments page after Registering on the website and Adding a product to the cart: Registering on the website</name>
    <title>Validation of Product details on Payments page after Registering on the website and Adding a product to the cart: Registering on the website</title>
    <test-cases>
        <test-case start='1633959015687' status='passed' stop='1633959015694'>
            <name></name>
            <title></title>
            <labels>
                <label name='language' value='javascript'/>
                <label name='framework' value='wdio'/>
                <label name='thread' value='0-0'/>
            </labels>
            <parameters>
                <parameter kind='argument' name='browser' value='chrome-94.0.4606.81'/>
            </parameters>
            <steps/>
            <attachments/>
        </test-case>
        <test-case start='1633959015694' status='passed' stop='1633959026486'>
            <name>Given I'm on the landing page</name>
            <title>Given I'm on the landing page</title>
            <labels>
                <label name='language' value='javascript'/>
                <label name='framework' value='wdio'/>
                <label name='thread' value='0-0'/>
            </labels>
            <parameters>
                <parameter kind='argument' name='browser' value='chrome-94.0.4606.81'/>
            </parameters>
            <steps>
                <step start='1633959015700' status='passed' stop='1633959026290'>
                    <name>POST /session/:sessionId/url</name>
                    <title>POST /session/:sessionId/url</title>
                    <attachments>
                        <attachment title='Request' source='d615a71b-b795-4a97-bffa-59e0b9f6dd26-attachment.json' type='application/json' size='45'/>
                    </attachments>
                    <steps/>
                </step>
                <step start='1633959026290' status='passed' stop='1633959026474'>
                    <name>POST /session/:sessionId/window/maximize</name>
                    <title>POST /session/:sessionId/window/maximize</title>
                    <attachments>
                        <attachment title='Response' source='cdb5b000-0191-4af4-8a1a-3b60975fbe2d-attachment.json' type='application/json' size='58'/>
                    </attachments>
                    <steps/>
                </step>
            </steps>
            <attachments/>
        </test-case>
        <test-case start='1633959026487' status='passed' stop='1633959035725'>
            <name>When I click on signIn button</name>
            <title>When I click on signIn button</title>
            <labels>
                <label name='language' value='javascript'/>
                <label name='framework' value='wdio'/>
                <label name='thread' value='0-0'/>
            </labels>
            <parameters>
                <parameter kind='argument' name='browser' value='chrome-94.0.4606.81'/>
            </parameters>
            <steps>
                <step start='1633959026496' status='passed' stop='1633959026558'>
                    <name>POST /session/:sessionId/element</name>
                    <title>POST /session/:sessionId/element</title>
                    <attachments>
                        <attachment title='Request' source='da2b50bf-2867-4634-8267-c6c7b34268b3-attachment.json' type='application/json' size='56'/>
                        <attachment title='Response' source='b648d089-a199-4097-8436-75fef6d5c9c0-attachment.json' type='application/json' size='83'/>
                    </attachments>
                    <steps/>
                </step>
                <step start='1633959026567' status='passed' stop='1633959030710'>
                    <name>POST /session/:sessionId/element/7d126c94-8616-4471-bfe3-8057ca3c8035/click</name>
                    <title>POST /session/:sessionId/element/7d126c94-8616-4471-bfe3-8057ca3c8035/click</title>
                    <attachments/>
                    <steps/>
                </step>
            </steps>
            <attachments/>
        </test-case>
        <test-case start='1633959035725' status='passed' stop='1633959035739'>
            <name>Then I shall be landing to the Login page</name>
            <title>Then I shall be landing to the Login page</title>
            <labels>
                <label name='language' value='javascript'/>
                <label name='framework' value='wdio'/>
                <label name='thread' value='0-0'/>
            </labels>
            <parameters>
                <parameter kind='argument' name='browser' value='chrome-94.0.4606.81'/>
            </parameters>
            <steps>
                <step start='1633959035726' status='passed' stop='1633959035738'>
                    <name>GET /session/:sessionId/title</name>
                    <title>GET /session/:sessionId/title</title>
                    <attachments>
                        <attachment title='Response' source='c89906ea-d181-408f-a2e9-49daf1e000bf-attachment.json' type='application/json' size='18'/>
                    </attachments>
                    <steps/>
                </step>
            </steps>
            <attachments/>
        </test-case>
        <test-case start='1633959035739' status='broken' stop='1633959035740'>
            <name>When I provide personal details to create a new account</name>
            <title>When I provide personal details to create a new account</title>
            <labels>
                <label name='language' value='javascript'/>
                <label name='framework' value='wdio'/>
                <label name='thread' value='0-0'/>
            </labels>
            <parameters>
                <parameter kind='argument' name='browser' value='chrome-94.0.4606.81'/>
            </parameters>
            <steps/>
            <attachments/>
            <failure>
                <message>Step "I provide personal details to create a new account" is not defined. You can ignore this error by setting cucumberOpts.ignoreUndefinedDefinitions as true.</message>
                <stack-trace>Step "I provide personal details to create a new account" is not defined. You can ignore this error by setting cucumberOpts.ignoreUndefinedDefinitions as true.
                	at Feature(C:\WDIOTest\webDriverIO_assignment\features\testApplication.feature):1:1
                	at Scenario(Registering on the website):5:1
                	at Step(I provide personal details to create a new account):9:5
                </stack-trace>
            </failure>
        </test-case>
        <test-case start='1633959035740' status='broken' stop='1633959035741'>
            <name>Then Correct name and surname are displayed on My Account page</name>
            <title>Then Correct name and surname are displayed on My Account page</title>
            <labels>
                <label name='language' value='javascript'/>
                <label name='framework' value='wdio'/>
                <label name='thread' value='0-0'/>
            </labels>
            <parameters>
                <parameter kind='argument' name='browser' value='chrome-94.0.4606.81'/>
            </parameters>
            <steps/>
            <attachments/>
            <failure>
                <message>Step "Correct name and surname are displayed on My Account page" is not defined. You can ignore this error by setting cucumberOpts.ignoreUndefinedDefinitions as true.</message>
                <stack-trace>Step "Correct name and surname are displayed on My Account page" is not defined. You can ignore this error by setting cucumberOpts.ignoreUndefinedDefinitions as true.
                	at Feature(C:\WDIOTest\webDriverIO_assignment\features\testApplication.feature):1:1
                	at Scenario(Registering on the website):5:1
                	at Step(Correct name and surname are displayed on My Account page):10:5
                </stack-trace>
            </failure>
        </test-case>
        <test-case start='1633959035741' status='passed' stop='1633959035741'>
            <name></name>
            <title></title>
            <labels>
                <label name='language' value='javascript'/>
                <label name='framework' value='wdio'/>
                <label name='thread' value='0-0'/>
            </labels>
            <parameters>
                <parameter kind='argument' name='browser' value='chrome-94.0.4606.81'/>
            </parameters>
            <steps/>
            <attachments/>
        </test-case>
    </test-cases>
</ns2:test-suite>