<?xml version='1.0'?>
<ns2:test-suite xmlns:ns2='urn:model.allure.qatools.yandex.ru' start='1633959126522' stop='1633959126539'>
    <name>Validation of Product details on Payments page after Registering on the website and Adding a product to the cart: Adding a product to the cart</name>
    <title>Validation of Product details on Payments page after Registering on the website and Adding a product to the cart: Adding a product to the cart</title>
    <test-cases>
        <test-case start='1633959126523' status='passed' stop='1633959126523'>
            <name></name>
            <title></title>
            <labels>
                <label name='language' value='javascript'/>
                <label name='framework' value='wdio'/>
                <label name='thread' value='0-0'/>
            </labels>
            <parameters>
                <parameter kind='argument' name='browser' value='chrome-94.0.4606.81'/>
            </parameters>
            <steps/>
            <attachments/>
        </test-case>
        <test-case start='1633959126523' status='broken' stop='1633959126523'>
            <name>When I select a product for adding to the cart</name>
            <title>When I select a product for adding to the cart</title>
            <labels>
                <label name='language' value='javascript'/>
                <label name='framework' value='wdio'/>
                <label name='thread' value='0-0'/>
            </labels>
            <parameters>
                <parameter kind='argument' name='browser' value='chrome-94.0.4606.81'/>
            </parameters>
            <steps/>
            <attachments/>
            <failure>
                <message>Step "I select a product for adding to the cart" is not defined. You can ignore this error by setting cucumberOpts.ignoreUndefinedDefinitions as true.</message>
                <stack-trace>Step "I select a product for adding to the cart" is not defined. You can ignore this error by setting cucumberOpts.ignoreUndefinedDefinitions as true.
                	at Feature(C:\WDIOTest\webDriverIO_assignment\features\testApplication.feature):1:1
                	at Scenario(Adding a product to the cart):12:1
                	at Step(I select a product for adding to the cart):13:5
                </stack-trace>
            </failure>
        </test-case>
        <test-case start='1633959126524' status='broken' stop='1633959126524'>
            <name>Then I shall be getting the Confirmation message</name>
            <title>Then I shall be getting the Confirmation message</title>
            <labels>
                <label name='language' value='javascript'/>
                <label name='framework' value='wdio'/>
                <label name='thread' value='0-0'/>
            </labels>
            <parameters>
                <parameter kind='argument' name='browser' value='chrome-94.0.4606.81'/>
            </parameters>
            <steps/>
            <attachments/>
            <failure>
                <message>Step "I shall be getting the Confirmation message" is not defined. You can ignore this error by setting cucumberOpts.ignoreUndefinedDefinitions as true.</message>
                <stack-trace>Step "I shall be getting the Confirmation message" is not defined. You can ignore this error by setting cucumberOpts.ignoreUndefinedDefinitions as true.
                	at Feature(C:\WDIOTest\webDriverIO_assignment\features\testApplication.feature):1:1
                	at Scenario(Adding a product to the cart):12:1
                	at Step(I shall be getting the Confirmation message):14:5
                </stack-trace>
            </failure>
        </test-case>
        <test-case start='1633959126524' status='broken' stop='1633959126525'>
            <name>When I proceeded to the checkout page and continue till Payments page</name>
            <title>When I proceeded to the checkout page and continue till Payments page</title>
            <labels>
                <label name='language' value='javascript'/>
                <label name='framework' value='wdio'/>
                <label name='thread' value='0-0'/>
            </labels>
            <parameters>
                <parameter kind='argument' name='browser' value='chrome-94.0.4606.81'/>
            </parameters>
            <steps/>
            <attachments/>
            <failure>
                <message>Step "I proceeded to the checkout page and continue till Payments page" is not defined. You can ignore this error by setting cucumberOpts.ignoreUndefinedDefinitions as true.</message>
                <stack-trace>Step "I proceeded to the checkout page and continue till Payments page" is not defined. You can ignore this error by setting cucumberOpts.ignoreUndefinedDefinitions as true.
                	at Feature(C:\WDIOTest\webDriverIO_assignment\features\testApplication.feature):1:1
                	at Scenario(Adding a product to the cart):12:1
                	at Step(I proceeded to the checkout page and continue till Payments page):15:5
                </stack-trace>
            </failure>
        </test-case>
        <test-case start='1633959126531' status='broken' stop='1633959126538'>
            <name>Then Correct product details are shown</name>
            <title>Then Correct product details are shown</title>
            <labels>
                <label name='language' value='javascript'/>
                <label name='framework' value='wdio'/>
                <label name='thread' value='0-0'/>
            </labels>
            <parameters>
                <parameter kind='argument' name='browser' value='chrome-94.0.4606.81'/>
            </parameters>
            <steps/>
            <attachments/>
            <failure>
                <message>Step "Correct product details are shown" is not defined. You can ignore this error by setting cucumberOpts.ignoreUndefinedDefinitions as true.</message>
                <stack-trace>Step "Correct product details are shown" is not defined. You can ignore this error by setting cucumberOpts.ignoreUndefinedDefinitions as true.
                	at Feature(C:\WDIOTest\webDriverIO_assignment\features\testApplication.feature):1:1
                	at Scenario(Adding a product to the cart):12:1
                	at Step(Correct product details are shown):16:5
                </stack-trace>
            </failure>
        </test-case>
        <test-case start='1633959126538' status='passed' stop='1633959126539'>
            <name></name>
            <title></title>
            <labels>
                <label name='language' value='javascript'/>
                <label name='framework' value='wdio'/>
                <label name='thread' value='0-0'/>
            </labels>
            <parameters>
                <parameter kind='argument' name='browser' value='chrome-94.0.4606.81'/>
            </parameters>
            <steps/>
            <attachments/>
        </test-case>
    </test-cases>
</ns2:test-suite>