<?xml version='1.0'?>
<ns2:test-suite xmlns:ns2='urn:model.allure.qatools.yandex.ru' start='1633959107515' stop='1633959126491'>
    <name>Validation of Product details on Payments page after Registering on the website and Adding a product to the cart: Registering on the website</name>
    <title>Validation of Product details on Payments page after Registering on the website and Adding a product to the cart: Registering on the website</title>
    <test-cases>
        <test-case start='1633959107517' status='passed' stop='1633959107521'>
            <name></name>
            <title></title>
            <labels>
                <label name='language' value='javascript'/>
                <label name='framework' value='wdio'/>
                <label name='thread' value='0-0'/>
            </labels>
            <parameters>
                <parameter kind='argument' name='browser' value='chrome-94.0.4606.81'/>
            </parameters>
            <steps/>
            <attachments/>
        </test-case>
        <test-case start='1633959107522' status='passed' stop='1633959118409'>
            <name>Given I'm on the landing page</name>
            <title>Given I'm on the landing page</title>
            <labels>
                <label name='language' value='javascript'/>
                <label name='framework' value='wdio'/>
                <label name='thread' value='0-0'/>
            </labels>
            <parameters>
                <parameter kind='argument' name='browser' value='chrome-94.0.4606.81'/>
            </parameters>
            <steps>
                <step start='1633959107531' status='passed' stop='1633959118194'>
                    <name>POST /session/:sessionId/url</name>
                    <title>POST /session/:sessionId/url</title>
                    <attachments>
                        <attachment title='Request' source='bc1510b6-77ae-4e04-8ce3-b9f346a8beca-attachment.json' type='application/json' size='45'/>
                    </attachments>
                    <steps/>
                </step>
                <step start='1633959118194' status='passed' stop='1633959118404'>
                    <name>POST /session/:sessionId/window/maximize</name>
                    <title>POST /session/:sessionId/window/maximize</title>
                    <attachments>
                        <attachment title='Response' source='add3a8f2-ee7d-4894-8204-3eb74671d462-attachment.json' type='application/json' size='58'/>
                    </attachments>
                    <steps/>
                </step>
            </steps>
            <attachments/>
        </test-case>
        <test-case start='1633959118409' status='passed' stop='1633959126426'>
            <name>When I click on signIn button</name>
            <title>When I click on signIn button</title>
            <labels>
                <label name='language' value='javascript'/>
                <label name='framework' value='wdio'/>
                <label name='thread' value='0-0'/>
            </labels>
            <parameters>
                <parameter kind='argument' name='browser' value='chrome-94.0.4606.81'/>
            </parameters>
            <steps>
                <step start='1633959118424' status='passed' stop='1633959118473'>
                    <name>POST /session/:sessionId/element</name>
                    <title>POST /session/:sessionId/element</title>
                    <attachments>
                        <attachment title='Request' source='7e38b3ee-4ec8-4cc4-b02f-aa09de50e62c-attachment.json' type='application/json' size='56'/>
                        <attachment title='Response' source='7909baca-4858-4380-a1c0-07220346b024-attachment.json' type='application/json' size='83'/>
                    </attachments>
                    <steps/>
                </step>
                <step start='1633959118481' status='passed' stop='1633959121419'>
                    <name>POST /session/:sessionId/element/0d86a3de-3d4e-4fa2-b526-ce8d6a80f9d0/click</name>
                    <title>POST /session/:sessionId/element/0d86a3de-3d4e-4fa2-b526-ce8d6a80f9d0/click</title>
                    <attachments/>
                    <steps/>
                </step>
            </steps>
            <attachments/>
        </test-case>
        <test-case start='1633959126426' status='passed' stop='1633959126488'>
            <name>Then I shall be landing to the Login page</name>
            <title>Then I shall be landing to the Login page</title>
            <labels>
                <label name='language' value='javascript'/>
                <label name='framework' value='wdio'/>
                <label name='thread' value='0-0'/>
            </labels>
            <parameters>
                <parameter kind='argument' name='browser' value='chrome-94.0.4606.81'/>
            </parameters>
            <steps>
                <step start='1633959126427' status='passed' stop='1633959126485'>
                    <name>GET /session/:sessionId/title</name>
                    <title>GET /session/:sessionId/title</title>
                    <attachments>
                        <attachment title='Response' source='791ea8af-7410-4d75-bb3e-9cca59677c73-attachment.json' type='application/json' size='18'/>
                    </attachments>
                    <steps/>
                </step>
            </steps>
            <attachments/>
        </test-case>
        <test-case start='1633959126488' status='broken' stop='1633959126489'>
            <name>When I provide personal details to create a new account</name>
            <title>When I provide personal details to create a new account</title>
            <labels>
                <label name='language' value='javascript'/>
                <label name='framework' value='wdio'/>
                <label name='thread' value='0-0'/>
            </labels>
            <parameters>
                <parameter kind='argument' name='browser' value='chrome-94.0.4606.81'/>
            </parameters>
            <steps/>
            <attachments/>
            <failure>
                <message>Step "I provide personal details to create a new account" is not defined. You can ignore this error by setting cucumberOpts.ignoreUndefinedDefinitions as true.</message>
                <stack-trace>Step "I provide personal details to create a new account" is not defined. You can ignore this error by setting cucumberOpts.ignoreUndefinedDefinitions as true.
                	at Feature(C:\WDIOTest\webDriverIO_assignment\features\testApplication.feature):1:1
                	at Scenario(Registering on the website):5:1
                	at Step(I provide personal details to create a new account):9:5
                </stack-trace>
            </failure>
        </test-case>
        <test-case start='1633959126489' status='broken' stop='1633959126489'>
            <name>Then Correct name and surname are displayed on My Account page</name>
            <title>Then Correct name and surname are displayed on My Account page</title>
            <labels>
                <label name='language' value='javascript'/>
                <label name='framework' value='wdio'/>
                <label name='thread' value='0-0'/>
            </labels>
            <parameters>
                <parameter kind='argument' name='browser' value='chrome-94.0.4606.81'/>
            </parameters>
            <steps/>
            <attachments/>
            <failure>
                <message>Step "Correct name and surname are displayed on My Account page" is not defined. You can ignore this error by setting cucumberOpts.ignoreUndefinedDefinitions as true.</message>
                <stack-trace>Step "Correct name and surname are displayed on My Account page" is not defined. You can ignore this error by setting cucumberOpts.ignoreUndefinedDefinitions as true.
                	at Feature(C:\WDIOTest\webDriverIO_assignment\features\testApplication.feature):1:1
                	at Scenario(Registering on the website):5:1
                	at Step(Correct name and surname are displayed on My Account page):10:5
                </stack-trace>
            </failure>
        </test-case>
        <test-case start='1633959126489' status='passed' stop='1633959126490'>
            <name></name>
            <title></title>
            <labels>
                <label name='language' value='javascript'/>
                <label name='framework' value='wdio'/>
                <label name='thread' value='0-0'/>
            </labels>
            <parameters>
                <parameter kind='argument' name='browser' value='chrome-94.0.4606.81'/>
            </parameters>
            <steps/>
            <attachments/>
        </test-case>
    </test-cases>
</ns2:test-suite>